[2016-12-27 12:58:15] INFO  WEBrick 1.3.1
[2016-12-27 12:58:15] INFO  ruby 1.9.3 (2013-11-22) [x86_64-linux]
[2016-12-27 12:58:15] INFO  
Certificate:
    Data:
        Version: 3 (0x2)
        Serial Number: 6 (0x6)
    Signature Algorithm: sha256WithRSAEncryption
        Issuer: CN=Puppet CA: auradev
        Validity
            Not Before: Dec 26 07:28:15 2016 GMT
            Not After : Dec 26 07:28:15 2021 GMT
        Subject: CN=auradev
        Subject Public Key Info:
            Public Key Algorithm: rsaEncryption
                Public-Key: (4096 bit)
                Modulus:
                    00:dd:3a:d8:de:0d:7e:e8:1f:a4:69:07:1d:2f:ae:
                    46:ef:e6:c8:f4:c7:80:f7:80:3d:a2:c9:ca:48:74:
                    1b:9f:49:0c:a0:7e:8b:14:04:71:bb:fb:e6:ae:4a:
                    8d:11:4d:bb:2a:19:26:1a:1e:51:f2:9b:a0:2c:04:
                    16:a7:6a:15:39:70:3a:0d:e5:41:96:ef:3f:40:49:
                    c5:e0:a2:4a:84:13:73:50:2c:a3:82:5c:40:64:61:
                    6d:1c:85:7a:f2:72:7d:7e:17:2c:01:12:54:24:87:
                    e8:49:ae:e1:c9:a8:37:a4:d0:8d:f9:1d:7a:4b:68:
                    67:a2:c5:94:94:75:15:39:37:87:ab:dd:74:35:79:
                    17:85:38:92:37:29:f1:03:a6:9b:2e:a0:b3:b1:c7:
                    9f:a6:44:11:6c:a1:94:a9:b5:02:74:25:4c:d1:b5:
                    49:1e:84:d1:ec:1d:c2:b4:30:92:ef:db:5d:08:d3:
                    ae:5c:ff:70:e0:85:d6:4e:4b:94:bf:be:7a:3a:5a:
                    eb:bc:e1:7a:20:ae:11:99:44:7d:02:12:79:64:6c:
                    6a:72:d3:09:f5:9d:bd:d0:ff:03:6c:f2:d3:e6:af:
                    ce:6d:68:b6:4b:46:db:47:74:96:39:3b:00:78:17:
                    b4:02:6a:c9:b2:f8:f4:7f:dc:05:c0:3b:a4:bc:36:
                    8a:a0:55:a3:37:c0:79:9f:20:46:bd:13:3d:f1:01:
                    b3:f8:b0:89:72:49:4b:ec:85:84:6f:dd:ca:86:b7:
                    8e:6e:e5:8e:bf:42:30:df:60:a4:ce:e2:b2:50:db:
                    f5:51:2e:53:0b:91:a7:71:2e:d5:36:78:17:f8:dc:
                    f1:9b:db:b9:ac:91:9f:ea:2e:80:68:45:c9:df:9c:
                    fe:e6:a0:b2:14:92:69:cd:15:4d:d4:be:dc:42:0b:
                    2a:b0:07:66:9a:df:9f:d8:a4:9c:00:a3:1d:5f:f0:
                    73:a3:51:d0:6b:73:ec:d3:d3:09:17:d4:97:dd:92:
                    60:11:b0:70:18:41:1d:c4:62:ba:71:5f:5f:d7:b7:
                    0f:ef:09:20:2e:26:0d:e3:1e:46:a9:b0:ae:6b:da:
                    9d:53:d9:e0:32:f5:4a:43:53:d8:32:68:b3:70:ef:
                    0c:1d:83:71:ab:52:e4:51:69:9c:f4:4e:52:d7:56:
                    25:5d:2e:2d:71:c6:3d:e9:59:44:4f:db:c7:9d:aa:
                    d6:a5:ec:95:16:54:c0:bb:d6:dd:ea:6d:45:c2:7b:
                    13:fa:02:c2:a6:6d:53:0d:68:b8:36:2e:4a:bf:62:
                    b9:70:6c:a0:e5:e5:bb:ce:81:27:f2:70:83:85:b6:
                    c9:0e:12:21:3e:88:5e:b9:b6:09:77:00:bf:cd:41:
                    6f:e3:57
                Exponent: 65537 (0x10001)
        X509v3 extensions:
            Netscape Comment: 
                Puppet Ruby/OpenSSL Internal Certificate
            X509v3 Key Usage: critical
                Digital Signature, Key Encipherment
            X509v3 Extended Key Usage: critical
                TLS Web Server Authentication, TLS Web Client Authentication
            X509v3 Basic Constraints: critical
                CA:FALSE
            X509v3 Subject Key Identifier: 
                00:87:5C:91:79:DD:D1:C7:AE:B5:D8:A3:DF:47:F0:B1:D8:BC:0F:DF
    Signature Algorithm: sha256WithRSAEncryption
         20:df:db:0d:6c:06:d7:cd:ef:da:55:6a:74:89:c0:6b:a1:54:
         e0:fb:28:7b:f1:85:14:05:47:cd:f0:49:05:5e:1e:33:a1:2a:
         0b:08:a9:b9:1d:9d:4a:46:65:6e:a1:11:31:c0:83:80:23:dd:
         22:f5:48:b5:29:e0:c1:24:0c:df:79:1d:66:df:c9:94:ff:11:
         45:5b:0a:5a:1e:cb:d6:83:61:16:1f:c8:d5:72:59:05:0f:41:
         b6:1f:a4:2a:e1:c1:c1:17:07:c2:3e:3e:2f:aa:3b:81:dc:d5:
         5d:f6:d4:7c:d1:d5:6b:b3:b5:ef:42:6d:87:89:0f:93:ab:a6:
         56:83:f3:e5:19:1a:78:ee:7b:a9:89:49:3d:de:ee:ca:50:d0:
         9b:ab:28:db:cd:73:83:4f:dc:4b:0f:bc:39:71:b3:01:2c:17:
         17:81:54:9d:f6:1a:81:b4:74:cd:2f:bd:92:11:59:9e:c4:d8:
         84:f1:3c:7e:dd:1c:02:5c:f1:6e:72:3e:ca:8a:f3:3c:70:c8:
         9d:2b:47:96:cd:a5:43:19:b5:73:ab:4d:68:ec:ec:2e:f1:85:
         46:00:e7:29:af:35:98:76:98:bb:ab:47:05:2a:2b:a5:19:e9:
         60:d9:5f:1d:1b:2a:32:7f:31:c8:87:93:e6:68:40:6f:2e:e0:
         f4:a2:ec:30:0b:8c:3a:0a:e6:74:11:35:c4:01:b3:7d:88:10:
         99:74:a1:1d:81:f0:2b:3c:79:b4:a1:2c:4b:cd:15:f1:bd:82:
         0e:38:cb:c1:0c:72:9d:a5:17:cc:0f:80:a5:6c:01:db:ce:89:
         53:e1:16:e5:f2:db:f3:a5:ac:0b:7d:2b:c7:d6:e5:6b:4d:2d:
         92:98:59:01:f1:46:2f:8e:f3:2e:d1:a4:25:cb:98:b6:09:84:
         2d:26:6b:9c:3f:03:59:4e:85:d4:8a:49:a1:3e:4d:2d:33:18:
         b6:5c:fb:d4:c8:2b:38:ca:12:d9:46:d8:c5:e0:76:81:31:b6:
         3c:fd:27:b5:87:d6:4c:01:fe:ad:0c:ef:7e:2d:fb:ec:c5:5e:
         d6:94:c4:2c:19:d5:cb:4d:2b:54:2e:10:87:55:79:1a:22:a0:
         07:a8:f5:59:b1:a9:ed:f3:4d:da:5c:95:e0:75:16:01:21:14:
         52:ff:22:4b:06:61:ac:fa:d1:56:6c:d4:f3:fb:d6:30:9a:c1:
         95:31:06:33:81:d9:e0:c1:9a:45:c7:3b:b2:a6:0a:49:52:83:
         08:85:8c:be:23:9e:7c:63:84:6c:4a:88:0b:fa:3f:45:bc:a2:
         93:8f:36:04:93:41:d6:c4:3b:b1:ca:67:13:6b:87:b2:8b:34:
         a6:04:9d:bb:a6:73:89:bc
[2016-12-27 12:58:15] INFO  WEBrick::HTTPServer#start: pid=2169 port=8140
[2016-12-27 12:58:19] INFO  going to shutdown ...
[2016-12-27 12:58:19] INFO  WEBrick::HTTPServer#start done.
