pid:8179	 difference:3289	 time:Wed Aug 19 17:18:58 2015
	 suspCPU OCCUPENCY IS ABOVE 40 SO PROCESS IS SUSPENDEDpid:8179	 diff:0	 time:Wed Aug 19 17:18:58 2015

pid:8179	 diff:0	 time:Wed Aug 19 17:14:12 2015

pid:8179	 diff:0	 time:Wed Aug 19 17:14:12 2015

pid:8179	 diff:0	 time:Wed Aug 19 17:14:12 2015

pid:8239	 difference:15145	 time:Wed Aug 19 17:14:12 2015
	 suspCPU OCCUPENCY IS ABOVE 40 SO PROCESS IS SUSPENDEDpid:8239	 diff:0	 time:Wed Aug 19 17:14:12 2015

pid:8239	 diff:0	 time:Wed Aug 19 17:14:12 2015

pid:8239	 diff:0	 time:Wed Aug 19 17:14:12 2015

pid:8239	 diff:0	 time:Wed Aug 19 17:14:12 2015

pid:8297	 diff:0	 time:Wed Aug 19 17:14:12 2015

	 38	 Wed Aug 19 16:51:59 2015
	WARNING CPU OCCUPENCY IS IN BETWEEN 30 AND 40 PRIORITY IS REDUCED
pid:8239	 diff:37	 time:Wed Aug 19 16:51:59 2015

8239	 37	 Wed Aug 19 16:51:59 2015
	WARNING CPU OCCUPENCY IS IN BETWEEN 30 AND 40 PRIORITY IS REDUCED
pid:8297	 difference:172	 time:Wed Aug 19 16:51:59 2015
	 suspCPU OCCUPENCY IS ABOVE 40 SO PROCESS IS SUSPENDEDpid:8297	 diff:0	 time:Wed Aug 19 16:51:59 2015

pid:8297	 diff:0	 time:Wed Aug 19 16:51:59 2015

pid:8297	 diff:0	 time:Wed Aug 19 16:51:59 2015

pid:8297	 diff:0	 time:Wed Aug 19 16:51:59 2015

pid:8355	 difference:1677	 time:Wed Aug 19 16:51:59 2015
	 suspCPU OCCUPENCY IS ABOVE 40 SO PROCESS IS SUSPENDEDpid:8355	 diff:0	 time:Wed Aug 19 16:51:59 2015

pid:8355	 diff:0	 time:Wed Aug 19 16:51:59 2015

pid:8355	 diff:0	 time:Wed Aug 19 16:51:59 2015

pid:8355	 diff:0	 time:Wed Aug 19 16:51:59 2015

pid:1	 diff:0	 time:Wed Aug 19 16:51:59 2015

pid:1	 diff:0	 time:Wed Aug 19 16:51:59 2015

pid:1	 diff:0	 time:Wed Aug 19 16:51:59 2015

pid:1	 diff:0	 time:Wed Aug 19 16:51:59 2015

pid:485	 diff:0	 time:Wed Aug 19 16:51:59 2015

pid:485	 diff:0	 time:Wed Aug 19 16:51:59 2015

pid:485	 diff:0	 time:Wed Aug 19 16:51:59 2015

pid:485	 diff:0	 time:Wed Aug 19 16:51:59 2015

pid:4614	 diff:0	 time:Wed Aug 19 16:51:59 2015

pid:4614	 diff:0	 time:Wed Aug 19 16:51:59 2015

pid:4614	 diff:0	 time:Wed Aug 19 16:51:59 2015

pid:4614	 diff:0	 time:Wed Aug 19 16:51:59 2015

pid:7	 diff:0	 time:Wed Aug 19 16:51:59 2015

pid:7	 diff:0	 time:Wed Aug 19 16:51:59 2015

pid:7	 diff:0	 time:Wed Aug 19 16:51:59 2015

pid:7	 diff:0	 time:Wed Aug 19 16:51:59 2015

